<?xml version="1.0" encoding="UTF-8"?>
<!-- Generated by org.testng.reporters.JUnitReportReporter -->
<testsuite skipped="1" hostname="happy-PC" name="com.rex.hinai_auto.homepage.TC002_NewInvoice" tests="2" failures="0" timestamp="12 Sep 2019 05:25:17 GMT" time="4.931" errors="1">
  <testcase name="verifyNewInvoice" time="0.000" classname="com.rex.hinai_auto.homepage.TC002_NewInvoice">
    <skipped/>
  </testcase> <!-- verifyNewInvoice -->
  <testcase name="beforeTest" time="4.931" classname="com.rex.hinai_auto.homepage.TC002_NewInvoice">
    <error type="org.openqa.selenium.SessionNotCreatedException" message="session not created
from disconnected: Unable to receive message from renderer
  (Session info: chrome=76.0.3809.132)
Build info: version: &#039;3.141.59&#039;, revision: &#039;e82be7d358&#039;, time: &#039;2018-11-14T08:17:03&#039;
System info: host: &#039;HAPPY-PC&#039;, ip: &#039;192.168.0.4&#039;, os.name: &#039;Windows 7&#039;, os.arch: &#039;x86&#039;, os.version: &#039;6.1&#039;, java.version: &#039;1.8.0_221&#039;
Driver info: driver.version: ChromeDriver
remote stacktrace: Backtrace:
	Ordinal0 [0x00E31B43+1448771]
	Ordinal0 [0x00DB5A31+940593]
	Ordinal0 [0x00D42293+467603]
	Ordinal0 [0x00D3A4A0+435360]
	Ordinal0 [0x00D39ADC+432860]
	Ordinal0 [0x00D39674+431732]
	Ordinal0 [0x00D39635+431669]
	Ordinal0 [0x00D40AF5+461557]
	Ordinal0 [0x00D395EC+431596]
	Ordinal0 [0x00D3A145+434501]
	Ordinal0 [0x00D39ADC+432860]
	Ordinal0 [0x00D39674+431732]
	Ordinal0 [0x00D39635+431669]
	Ordinal0 [0x00D3F44E+455758]
	Ordinal0 [0x00D395EC+431596]
	Ordinal0 [0x00D3A145+434501]
	Ordinal0 [0x00D39ADC+432860]
	Ordinal0 [0x00D39674+431732]
	Ordinal0 [0x00D39635+431669]
	Ordinal0 [0x00D3DC4B+449611]
	Ordinal0 [0x00D395EC+431596]
	Ordinal0 [0x00D3A145+434501]
	Ordinal0 [0x00D39ADC+432860]
	Ordinal0 [0x00D39674+431732]
	Ordinal0 [0x00D39635+431669]
	Ordinal0 [0x00D3D437+447543]
	Ordinal0 [0x00D395EC+431596]
	Ordinal0 [0x00D3A145+434501]
	Ordinal0 [0x00D39ADC+432860]
	Ordinal0 [0x00D39674+431732]
	Ordinal0 [0x00D39635+431669]
	Ordinal0 [0x00D362CC+418508]
	Ordinal0 [0x00D395EC+431596]
	Ordinal0 [0x00D394D4+431316]
	Ordinal0 [0x00D42EF0+470768]
	Ordinal0 [0x00CF94BE+169150]
	Ordinal0 [0x00CF88DD+166109]
	Ordinal0 [0x00CF6FEB+159723]
	Ordinal0 [0x00CE09F6+68086]
	Ordinal0 [0x00CE1990+72080]
	Ordinal0 [0x00CE1929+71977]
	GetHandleVerifier [0x00F72E8C+1172172]
	GetHandleVerifier [0x00ECFE55+504469]
	GetHandleVerifier [0x00ECFBF0+503856]
	Ordinal0 [0x00E3C9C8+1493448]
	GetHandleVerifier [0x00ED062A+506474]
	Ordinal0 [0x00DC7156+1012054]
	Ordinal0 [0x00DC6FCF+1011663]
	Ordinal0 [0x00DD135B+1053531]
	Ordinal0 [0x00DD14C3+1053891]
	Ordinal0 [0x00DD04F5+1049845]
	BaseThreadInitThunk [0x76313C45+18]
	RtlInitializeExceptionChain [0x774E37F5+239]
	RtlInitializeExceptionChain [0x774E37C8+194]
">
      <![CDATA[org.openqa.selenium.SessionNotCreatedException: session not created
from disconnected: Unable to receive message from renderer
  (Session info: chrome=76.0.3809.132)
Build info: version: '3.141.59', revision: 'e82be7d358', time: '2018-11-14T08:17:03'
System info: host: 'HAPPY-PC', ip: '192.168.0.4', os.name: 'Windows 7', os.arch: 'x86', os.version: '6.1', java.version: '1.8.0_221'
Driver info: driver.version: ChromeDriver
remote stacktrace: Backtrace:
Ordinal0 [0x00E31B43+1448771]
Ordinal0 [0x00DB5A31+940593]
Ordinal0 [0x00D42293+467603]
Ordinal0 [0x00D3A4A0+435360]
Ordinal0 [0x00D39ADC+432860]
Ordinal0 [0x00D39674+431732]
Ordinal0 [0x00D39635+431669]
Ordinal0 [0x00D40AF5+461557]
Ordinal0 [0x00D395EC+431596]
Ordinal0 [0x00D3A145+434501]
Ordinal0 [0x00D39ADC+432860]
Ordinal0 [0x00D39674+431732]
Ordinal0 [0x00D39635+431669]
Ordinal0 [0x00D3F44E+455758]
Ordinal0 [0x00D395EC+431596]
Ordinal0 [0x00D3A145+434501]
Ordinal0 [0x00D39ADC+432860]
Ordinal0 [0x00D39674+431732]
Ordinal0 [0x00D39635+431669]
Ordinal0 [0x00D3DC4B+449611]
Ordinal0 [0x00D395EC+431596]
Ordinal0 [0x00D3A145+434501]
Ordinal0 [0x00D39ADC+432860]
Ordinal0 [0x00D39674+431732]
Ordinal0 [0x00D39635+431669]
Ordinal0 [0x00D3D437+447543]
Ordinal0 [0x00D395EC+431596]
Ordinal0 [0x00D3A145+434501]
Ordinal0 [0x00D39ADC+432860]
Ordinal0 [0x00D39674+431732]
Ordinal0 [0x00D39635+431669]
Ordinal0 [0x00D362CC+418508]
Ordinal0 [0x00D395EC+431596]
Ordinal0 [0x00D394D4+431316]
Ordinal0 [0x00D42EF0+470768]
Ordinal0 [0x00CF94BE+169150]
Ordinal0 [0x00CF88DD+166109]
Ordinal0 [0x00CF6FEB+159723]
Ordinal0 [0x00CE09F6+68086]
Ordinal0 [0x00CE1990+72080]
Ordinal0 [0x00CE1929+71977]
GetHandleVerifier [0x00F72E8C+1172172]
GetHandleVerifier [0x00ECFE55+504469]
GetHandleVerifier [0x00ECFBF0+503856]
Ordinal0 [0x00E3C9C8+1493448]
GetHandleVerifier [0x00ED062A+506474]
Ordinal0 [0x00DC7156+1012054]
Ordinal0 [0x00DC6FCF+1011663]
Ordinal0 [0x00DD135B+1053531]
Ordinal0 [0x00DD14C3+1053891]
Ordinal0 [0x00DD04F5+1049845]
BaseThreadInitThunk [0x76313C45+18]
RtlInitializeExceptionChain [0x774E37F5+239]
RtlInitializeExceptionChain [0x774E37C8+194]

at sun.reflect.NativeConstructorAccessorImpl.newInstance0(Native Method)
at sun.reflect.NativeConstructorAccessorImpl.newInstance(NativeConstructorAccessorImpl.java:62)
at sun.reflect.DelegatingConstructorAccessorImpl.newInstance(DelegatingConstructorAccessorImpl.java:45)
at java.lang.reflect.Constructor.newInstance(Constructor.java:423)
at org.openqa.selenium.remote.W3CHandshakeResponse.lambda$errorHandler$0(W3CHandshakeResponse.java:62)
at org.openqa.selenium.remote.HandshakeResponse.lambda$getResponseFunction$0(HandshakeResponse.java:30)
at org.openqa.selenium.remote.ProtocolHandshake.lambda$createSession$0(ProtocolHandshake.java:126)
at java.util.stream.ReferencePipeline$3$1.accept(ReferencePipeline.java:193)
at java.util.Spliterators$ArraySpliterator.tryAdvance(Spliterators.java:958)
at java.util.stream.ReferencePipeline.forEachWithCancel(ReferencePipeline.java:126)
at java.util.stream.AbstractPipeline.copyIntoWithCancel(AbstractPipeline.java:499)
at java.util.stream.AbstractPipeline.copyInto(AbstractPipeline.java:486)
at java.util.stream.AbstractPipeline.wrapAndCopyInto(AbstractPipeline.java:472)
at java.util.stream.FindOps$FindOp.evaluateSequential(FindOps.java:152)
at java.util.stream.AbstractPipeline.evaluate(AbstractPipeline.java:234)
at java.util.stream.ReferencePipeline.findFirst(ReferencePipeline.java:464)
at org.openqa.selenium.remote.ProtocolHandshake.createSession(ProtocolHandshake.java:128)
at org.openqa.selenium.remote.ProtocolHandshake.createSession(ProtocolHandshake.java:74)
at org.openqa.selenium.remote.HttpCommandExecutor.execute(HttpCommandExecutor.java:136)
at org.openqa.selenium.remote.service.DriverCommandExecutor.execute(DriverCommandExecutor.java:83)
at org.openqa.selenium.remote.RemoteWebDriver.execute(RemoteWebDriver.java:552)
at org.openqa.selenium.remote.RemoteWebDriver.startSession(RemoteWebDriver.java:213)
at org.openqa.selenium.remote.RemoteWebDriver.<init>(RemoteWebDriver.java:131)
at org.openqa.selenium.chrome.ChromeDriver.<init>(ChromeDriver.java:181)
at org.openqa.selenium.chrome.ChromeDriver.<init>(ChromeDriver.java:168)
at org.openqa.selenium.chrome.ChromeDriver.<init>(ChromeDriver.java:123)
at com.rex.hinai_auto.basepage.Base.browserlaunch(Base.java:20)
at com.rex.hinai_auto.homepage.TC002_NewInvoice.beforeTest(TC002_NewInvoice.java:37)
at sun.reflect.NativeMethodAccessorImpl.invoke0(Native Method)
at sun.reflect.NativeMethodAccessorImpl.invoke(NativeMethodAccessorImpl.java:62)
at sun.reflect.DelegatingMethodAccessorImpl.invoke(DelegatingMethodAccessorImpl.java:43)
at java.lang.reflect.Method.invoke(Method.java:498)
at org.testng.internal.MethodInvocationHelper.invokeMethod(MethodInvocationHelper.java:124)
at org.testng.internal.MethodInvocationHelper.invokeMethodConsideringTimeout(MethodInvocationHelper.java:59)
at org.testng.internal.Invoker.invokeConfigurationMethod(Invoker.java:458)
at org.testng.internal.Invoker.invokeConfigurations(Invoker.java:222)
at org.testng.internal.Invoker.invokeConfigurations(Invoker.java:142)
at org.testng.TestRunner.beforeRun(TestRunner.java:529)
at org.testng.TestRunner.run(TestRunner.java:497)
at org.testng.SuiteRunner.runTest(SuiteRunner.java:455)
at org.testng.SuiteRunner.runSequentially(SuiteRunner.java:450)
at org.testng.SuiteRunner.privateRun(SuiteRunner.java:415)
at org.testng.SuiteRunner.run(SuiteRunner.java:364)
at org.testng.SuiteRunnerWorker.runSuite(SuiteRunnerWorker.java:52)
at org.testng.SuiteRunnerWorker.run(SuiteRunnerWorker.java:84)
at org.testng.TestNG.runSuitesSequentially(TestNG.java:1208)
at org.testng.TestNG.runSuitesLocally(TestNG.java:1137)
at org.testng.TestNG.runSuites(TestNG.java:1049)
at org.testng.TestNG.run(TestNG.java:1017)
at org.testng.remote.AbstractRemoteTestNG.run(AbstractRemoteTestNG.java:114)
at org.testng.remote.RemoteTestNG.initAndRun(RemoteTestNG.java:251)
at org.testng.remote.RemoteTestNG.main(RemoteTestNG.java:77)
]]>
    </error>
  </testcase> <!-- beforeTest -->
</testsuite> <!-- com.rex.hinai_auto.homepage.TC002_NewInvoice -->
